# JRE version: OpenJDK Runtime Environment (21.0.9) (build 21.0.9+-14787801-b1163.94)
# Java VM: OpenJDK 64-Bit Server VM (21.0.9+-14787801-b1163.94, mixed mode, tiered, compressed oops, compressed class ptrs, g1 gc, windows-amd64)
GC Precious Log:
 CardTable entry size: 512
 Card Set container configuration: InlinePtr #cards 5 size 8 Array Of Cards #cards 12 size 40 Howl #buckets 4 coarsen threshold 1843 Howl Bitmap #cards 512 size 80 coarsen threshold 460 Card regions per heap region 1 cards per card region 2048
 CPUs: 12 total, 12 available
 Memory: 5989M
 Large Page Support: Disabled
 NUMA Support: Disabled
 Compressed Oops: Enabled (32-bit)
 Heap Region Size: 1M
 Heap Min Capacity: 8M
 Heap Initial Capacity: 94M
 Heap Max Capacity: 1G
 Pre-touch: Disabled
 Parallel Workers: 10
 Concurrent Workers: 3
 Concurrent Refinement Workers: 10
 Periodic GC: Disabled
Heap:
 garbage-first heap   total 227328K, used 198996K [0x00000000c0000000, 0x0000000100000000)
  region size 1024K, 52 young (53248K), 6 survivors (6144K)
 Metaspace       used 108944K, committed 111168K, reserved 1179648K
  class space    used 15035K, committed 16064K, reserved 1048576K
GC Heap History (20 events):
Event: 526.739 GC heap before
{Heap before GC invocations=42 (full 0):
 garbage-first heap   total 168960K, used 155347K [0x00000000c0000000, 0x0000000100000000)
  region size 1024K, 55 young (56320K), 8 survivors (8192K)
 Metaspace       used 95242K, committed 97152K, reserved 1179648K
  class space    used 13239K, committed 14144K, reserved 1048576K
}
Event: 526.773 GC heap after
{Heap after GC invocations=43 (full 0):
 garbage-first heap   total 169984K, used 112482K [0x00000000c0000000, 0x0000000100000000)
  region size 1024K, 5 young (5120K), 5 survivors (5120K)
 Metaspace       used 95242K, committed 97152K, reserved 1179648K
  class space    used 13239K, committed 14144K, reserved 1048576K
}
Event: 528.872 GC heap before
{Heap before GC invocations=44 (full 0):
 garbage-first heap   total 189440K, used 156514K [0x00000000c0000000, 0x0000000100000000)
  region size 1024K, 49 young (50176K), 5 survivors (5120K)
 Metaspace       used 95481K, committed 97472K, reserved 1179648K
  class space    used 13252K, committed 14208K, reserved 1048576K
}
Event: 528.889 GC heap after
{Heap after GC invocations=45 (full 0):
 garbage-first heap   total 189440K, used 116468K [0x00000000c0000000, 0x0000000100000000)
  region size 1024K, 7 young (7168K), 7 survivors (7168K)
 Metaspace       used 95481K, committed 97472K, reserved 1179648K
  class space    used 13252K, committed 14208K, reserved 1048576K
}
Event: 529.748 GC heap before
{Heap before GC invocations=45 (full 0):
 garbage-first heap   total 189440K, used 171764K [0x00000000c0000000, 0x0000000100000000)
  region size 1024K, 62 young (63488K), 7 survivors (7168K)
 Metaspace       used 95482K, committed 97472K, reserved 1179648K
  class space    used 13252K, committed 14208K, reserved 1048576K
}
Event: 529.771 GC heap after
{Heap after GC invocations=46 (full 0):
 garbage-first heap   total 189440K, used 117942K [0x00000000c0000000, 0x0000000100000000)
  region size 1024K, 6 young (6144K), 6 survivors (6144K)
 Metaspace       used 95482K, committed 97472K, reserved 1179648K
  class space    used 13252K, committed 14208K, reserved 1048576K
}
Event: 531.132 GC heap before
{Heap before GC invocations=46 (full 0):
 garbage-first heap   total 189440K, used 168118K [0x00000000c0000000, 0x0000000100000000)
  region size 1024K, 57 young (58368K), 6 survivors (6144K)
 Metaspace       used 95906K, committed 97984K, reserved 1179648K
  class space    used 13310K, committed 14272K, reserved 1048576K
}
Event: 531.142 GC heap after
{Heap after GC invocations=47 (full 0):
 garbage-first heap   total 189440K, used 119735K [0x00000000c0000000, 0x0000000100000000)
  region size 1024K, 4 young (4096K), 4 survivors (4096K)
 Metaspace       used 95906K, committed 97984K, reserved 1179648K
  class space    used 13310K, committed 14272K, reserved 1048576K
}
Event: 533.287 GC heap before
{Heap before GC invocations=48 (full 0):
 garbage-first heap   total 206848K, used 179127K [0x00000000c0000000, 0x0000000100000000)
  region size 1024K, 59 young (60416K), 4 survivors (4096K)
 Metaspace       used 97210K, committed 99264K, reserved 1179648K
  class space    used 13547K, committed 14528K, reserved 1048576K
}
Event: 533.300 GC heap after
{Heap after GC invocations=49 (full 0):
 garbage-first heap   total 206848K, used 131511K [0x00000000c0000000, 0x0000000100000000)
  region size 1024K, 8 young (8192K), 8 survivors (8192K)
 Metaspace       used 97210K, committed 99264K, reserved 1179648K
  class space    used 13547K, committed 14528K, reserved 1048576K
}
Event: 535.841 GC heap before
{Heap before GC invocations=49 (full 0):
 garbage-first heap   total 206848K, used 186807K [0x00000000c0000000, 0x0000000100000000)
  region size 1024K, 63 young (64512K), 8 survivors (8192K)
 Metaspace       used 97497K, committed 99584K, reserved 1179648K
  class space    used 13575K, committed 14528K, reserved 1048576K
}
Event: 535.860 GC heap after
{Heap after GC invocations=50 (full 0):
 garbage-first heap   total 206848K, used 134032K [0x00000000c0000000, 0x0000000100000000)
  region size 1024K, 5 young (5120K), 5 survivors (5120K)
 Metaspace       used 97497K, committed 99584K, reserved 1179648K
  class space    used 13575K, committed 14528K, reserved 1048576K
}
Event: 536.917 GC heap before
{Heap before GC invocations=50 (full 0):
 garbage-first heap   total 206848K, used 188304K [0x00000000c0000000, 0x0000000100000000)
  region size 1024K, 59 young (60416K), 5 survivors (5120K)
 Metaspace       used 97497K, committed 99584K, reserved 1179648K
  class space    used 13575K, committed 14528K, reserved 1048576K
}
Event: 536.926 GC heap after
{Heap after GC invocations=51 (full 0):
 garbage-first heap   total 206848K, used 135860K [0x00000000c0000000, 0x0000000100000000)
  region size 1024K, 2 young (2048K), 2 survivors (2048K)
 Metaspace       used 97497K, committed 99584K, reserved 1179648K
  class space    used 13575K, committed 14528K, reserved 1048576K
}
Event: 539.339 GC heap before
{Heap before GC invocations=52 (full 0):
 garbage-first heap   total 227328K, used 193204K [0x00000000c0000000, 0x0000000100000000)
  region size 1024K, 57 young (58368K), 2 survivors (2048K)
 Metaspace       used 97584K, committed 99712K, reserved 1179648K
  class space    used 13590K, committed 14592K, reserved 1048576K
}
Event: 539.347 GC heap after
{Heap after GC invocations=53 (full 0):
 garbage-first heap   total 227328K, used 143015K [0x00000000c0000000, 0x0000000100000000)
  region size 1024K, 7 young (7168K), 7 survivors (7168K)
 Metaspace       used 97584K, committed 99712K, reserved 1179648K
  class space    used 13590K, committed 14592K, reserved 1048576K
}
Event: 544.669 GC heap before
{Heap before GC invocations=53 (full 0):
 garbage-first heap   total 227328K, used 206503K [0x00000000c0000000, 0x0000000100000000)
  region size 1024K, 70 young (71680K), 7 survivors (7168K)
 Metaspace       used 101320K, committed 103488K, reserved 1179648K
  class space    used 14136K, committed 15168K, reserved 1048576K
}
Event: 544.689 GC heap after
{Heap after GC invocations=54 (full 0):
 garbage-first heap   total 227328K, used 152033K [0x00000000c0000000, 0x0000000100000000)
  region size 1024K, 9 young (9216K), 9 survivors (9216K)
 Metaspace       used 101320K, committed 103488K, reserved 1179648K
  class space    used 14136K, committed 15168K, reserved 1048576K
}
Event: 550.414 GC heap before
{Heap before GC invocations=54 (full 0):
 garbage-first heap   total 227328K, used 208353K [0x00000000c0000000, 0x0000000100000000)
  region size 1024K, 65 young (66560K), 9 survivors (9216K)
 Metaspace       used 108413K, committed 110592K, reserved 1179648K
  class space    used 15024K, committed 16064K, reserved 1048576K
}
Event: 550.432 GC heap after
{Heap after GC invocations=55 (full 0):
 garbage-first heap   total 227328K, used 153940K [0x00000000c0000000, 0x0000000100000000)
  region size 1024K, 6 young (6144K), 6 survivors (6144K)
 Metaspace       used 108413K, committed 110592K, reserved 1179648K
  class space    used 15024K, committed 16064K, reserved 1048576K
}

