# JRE version: OpenJDK Runtime Environment (21.0.9) (build 21.0.9+-14787801-b1163.94)
# Java VM: OpenJDK 64-Bit Server VM (21.0.9+-14787801-b1163.94, mixed mode, tiered, compressed oops, compressed class ptrs, g1 gc, windows-amd64)
GC Precious Log:
 CardTable entry size: 512
 Card Set container configuration: InlinePtr #cards 5 size 8 Array Of Cards #cards 12 size 40 Howl #buckets 4 coarsen threshold 1843 Howl Bitmap #cards 512 size 80 coarsen threshold 460 Card regions per heap region 1 cards per card region 2048
 CPUs: 12 total, 12 available
 Memory: 5989M
 Large Page Support: Disabled
 NUMA Support: Disabled
 Compressed Oops: Enabled (32-bit)
 Heap Region Size: 1M
 Heap Min Capacity: 8M
 Heap Initial Capacity: 94M
 Heap Max Capacity: 1G
 Pre-touch: Disabled
 Parallel Workers: 10
 Concurrent Workers: 3
 Concurrent Refinement Workers: 10
 Periodic GC: Disabled
Heap:
 garbage-first heap   total 140288K, used 107789K [0x00000000c0000000, 0x0000000100000000)
  region size 1024K, 25 young (25600K), 5 survivors (5120K)
 Metaspace       used 89008K, committed 90688K, reserved 1179648K
  class space    used 12182K, committed 12992K, reserved 1048576K
GC Heap History (20 events):
Event: 24.702 GC heap before
{Heap before GC invocations=26 (full 0):
 garbage-first heap   total 105472K, used 97739K [0x00000000c0000000, 0x0000000100000000)
  region size 1024K, 34 young (34816K), 5 survivors (5120K)
 Metaspace       used 68732K, committed 70272K, reserved 1114112K
  class space    used 9545K, committed 10304K, reserved 1048576K
}
Event: 24.709 GC heap after
{Heap after GC invocations=27 (full 0):
 garbage-first heap   total 108544K, used 69490K [0x00000000c0000000, 0x0000000100000000)
  region size 1024K, 3 young (3072K), 3 survivors (3072K)
 Metaspace       used 68732K, committed 70272K, reserved 1114112K
  class space    used 9545K, committed 10304K, reserved 1048576K
}
Event: 24.772 GC heap before
{Heap before GC invocations=27 (full 0):
 garbage-first heap   total 108544K, used 70514K [0x00000000c0000000, 0x0000000100000000)
  region size 1024K, 5 young (5120K), 3 survivors (3072K)
 Metaspace       used 68789K, committed 70336K, reserved 1114112K
  class space    used 9553K, committed 10304K, reserved 1048576K
}
Event: 24.776 GC heap after
{Heap after GC invocations=28 (full 0):
 garbage-first heap   total 108544K, used 69641K [0x00000000c0000000, 0x0000000100000000)
  region size 1024K, 1 young (1024K), 1 survivors (1024K)
 Metaspace       used 68789K, committed 70336K, reserved 1114112K
  class space    used 9553K, committed 10304K, reserved 1048576K
}
Event: 25.384 GC heap before
{Heap before GC invocations=29 (full 0):
 garbage-first heap   total 119808K, used 98313K [0x00000000c0000000, 0x0000000100000000)
  region size 1024K, 29 young (29696K), 1 survivors (1024K)
 Metaspace       used 71251K, committed 72768K, reserved 1114112K
  class space    used 9856K, committed 10560K, reserved 1048576K
}
Event: 25.387 GC heap after
{Heap after GC invocations=30 (full 0):
 garbage-first heap   total 119808K, used 72743K [0x00000000c0000000, 0x0000000100000000)
  region size 1024K, 3 young (3072K), 3 survivors (3072K)
 Metaspace       used 71251K, committed 72768K, reserved 1114112K
  class space    used 9856K, committed 10560K, reserved 1048576K
}
Event: 26.166 GC heap before
{Heap before GC invocations=30 (full 0):
 garbage-first heap   total 119808K, used 107559K [0x00000000c0000000, 0x0000000100000000)
  region size 1024K, 38 young (38912K), 3 survivors (3072K)
 Metaspace       used 75099K, committed 76672K, reserved 1179648K
  class space    used 10316K, committed 11072K, reserved 1048576K
}
Event: 26.171 GC heap after
{Heap after GC invocations=31 (full 0):
 garbage-first heap   total 119808K, used 73347K [0x00000000c0000000, 0x0000000100000000)
  region size 1024K, 4 young (4096K), 4 survivors (4096K)
 Metaspace       used 75099K, committed 76672K, reserved 1179648K
  class space    used 10316K, committed 11072K, reserved 1048576K
}
Event: 26.972 GC heap before
{Heap before GC invocations=31 (full 0):
 garbage-first heap   total 119808K, used 109187K [0x00000000c0000000, 0x0000000100000000)
  region size 1024K, 39 young (39936K), 4 survivors (4096K)
 Metaspace       used 78880K, committed 80576K, reserved 1179648K
  class space    used 10904K, committed 11712K, reserved 1048576K
}
Event: 26.978 GC heap after
{Heap after GC invocations=32 (full 0):
 garbage-first heap   total 119808K, used 74878K [0x00000000c0000000, 0x0000000100000000)
  region size 1024K, 3 young (3072K), 3 survivors (3072K)
 Metaspace       used 78880K, committed 80576K, reserved 1179648K
  class space    used 10904K, committed 11712K, reserved 1048576K
}
Event: 28.092 GC heap before
{Heap before GC invocations=33 (full 0):
 garbage-first heap   total 126976K, used 116862K [0x00000000c0000000, 0x0000000100000000)
  region size 1024K, 38 young (38912K), 3 survivors (3072K)
 Metaspace       used 81590K, committed 83200K, reserved 1179648K
  class space    used 11248K, committed 12032K, reserved 1048576K
}
Event: 28.099 GC heap after
{Heap after GC invocations=34 (full 0):
 garbage-first heap   total 126976K, used 78947K [0x00000000c0000000, 0x0000000100000000)
  region size 1024K, 5 young (5120K), 5 survivors (5120K)
 Metaspace       used 81590K, committed 83200K, reserved 1179648K
  class space    used 11248K, committed 12032K, reserved 1048576K
}
Event: 28.963 GC heap before
{Heap before GC invocations=34 (full 0):
 garbage-first heap   total 126976K, used 116835K [0x00000000c0000000, 0x0000000100000000)
  region size 1024K, 41 young (41984K), 5 survivors (5120K)
 Metaspace       used 84098K, committed 85696K, reserved 1179648K
  class space    used 11545K, committed 12288K, reserved 1048576K
}
Event: 28.972 GC heap after
{Heap after GC invocations=35 (full 0):
 garbage-first heap   total 126976K, used 81865K [0x00000000c0000000, 0x0000000100000000)
  region size 1024K, 6 young (6144K), 6 survivors (6144K)
 Metaspace       used 84098K, committed 85696K, reserved 1179648K
  class space    used 11545K, committed 12288K, reserved 1048576K
}
Event: 29.229 GC heap before
{Heap before GC invocations=35 (full 0):
 garbage-first heap   total 126976K, used 91081K [0x00000000c0000000, 0x0000000100000000)
  region size 1024K, 16 young (16384K), 6 survivors (6144K)
 Metaspace       used 84750K, committed 86464K, reserved 1179648K
  class space    used 11660K, committed 12480K, reserved 1048576K
}
Event: 29.235 GC heap after
{Heap after GC invocations=36 (full 0):
 garbage-first heap   total 126976K, used 82501K [0x00000000c0000000, 0x0000000100000000)
  region size 1024K, 1 young (1024K), 1 survivors (1024K)
 Metaspace       used 84750K, committed 86464K, reserved 1179648K
  class space    used 11660K, committed 12480K, reserved 1048576K
}
Event: 30.325 GC heap before
{Heap before GC invocations=37 (full 0):
 garbage-first heap   total 140288K, used 122437K [0x00000000c0000000, 0x0000000100000000)
  region size 1024K, 36 young (36864K), 1 survivors (1024K)
 Metaspace       used 88669K, committed 90304K, reserved 1179648K
  class space    used 12156K, committed 12928K, reserved 1048576K
}
Event: 30.330 GC heap after
{Heap after GC invocations=38 (full 0):
 garbage-first heap   total 140288K, used 88063K [0x00000000c0000000, 0x0000000100000000)
  region size 1024K, 3 young (3072K), 3 survivors (3072K)
 Metaspace       used 88669K, committed 90304K, reserved 1179648K
  class space    used 12156K, committed 12928K, reserved 1048576K
}
Event: 31.221 GC heap before
{Heap before GC invocations=38 (full 0):
 garbage-first heap   total 140288K, used 127999K [0x00000000c0000000, 0x0000000100000000)
  region size 1024K, 43 young (44032K), 3 survivors (3072K)
 Metaspace       used 88966K, committed 90624K, reserved 1179648K
  class space    used 12175K, committed 12992K, reserved 1048576K
}
Event: 31.229 GC heap after
{Heap after GC invocations=39 (full 0):
 garbage-first heap   total 140288K, used 89357K [0x00000000c0000000, 0x0000000100000000)
  region size 1024K, 5 young (5120K), 5 survivors (5120K)
 Metaspace       used 88966K, committed 90624K, reserved 1179648K
  class space    used 12175K, committed 12992K, reserved 1048576K
}

