# JRE version: OpenJDK Runtime Environment Microsoft-13106358 (17.0.18+8) (build 17.0.18+8-LTS)
# Java VM: OpenJDK 64-Bit Server VM Microsoft-13106358 (17.0.18+8-LTS, mixed mode, sharing, tiered, compressed oops, compressed class ptrs, g1 gc, windows-amd64)
GC Precious Log:
 CPUs: 12 total, 12 available
 Memory: 5989M
 Large Page Support: Disabled
 NUMA Support: Disabled
 Compressed Oops: Enabled (32-bit)
 Heap Region Size: 1M
 Heap Min Capacity: 8M
 Heap Initial Capacity: 94M
 Heap Max Capacity: 1G
 Pre-touch: Disabled
 Parallel Workers: 10
 Concurrent Workers: 3
 Concurrent Refinement Workers: 10
 Periodic GC: Disabled
Heap:
 garbage-first heap   total 196608K, used 168783K [0x00000000c0000000, 0x0000000100000000)
  region size 1024K, 7 young (7168K), 1 survivors (1024K)
 Metaspace       used 91889K, committed 93120K, reserved 1179648K
  class space    used 12575K, committed 13120K, reserved 1048576K
GC Heap History (20 events):
Event: 460.288 GC heap before
{Heap before GC invocations=62 (full 0):
 garbage-first heap   total 196608K, used 166807K [0x00000000c0000000, 0x0000000100000000)
  region size 1024K, 38 young (38912K), 4 survivors (4096K)
 Metaspace       used 83961K, committed 85056K, reserved 1179648K
  class space    used 11660K, committed 12160K, reserved 1048576K
}
Event: 460.316 GC heap after
{Heap after GC invocations=63 (full 0):
 garbage-first heap   total 196608K, used 137289K [0x00000000c0000000, 0x0000000100000000)
  region size 1024K, 5 young (5120K), 5 survivors (5120K)
 Metaspace       used 83961K, committed 85056K, reserved 1179648K
  class space    used 11660K, committed 12160K, reserved 1048576K
}
Event: 461.273 GC heap before
{Heap before GC invocations=63 (full 0):
 garbage-first heap   total 196608K, used 165961K [0x00000000c0000000, 0x0000000100000000)
  region size 1024K, 34 young (34816K), 5 survivors (5120K)
 Metaspace       used 84096K, committed 85184K, reserved 1179648K
  class space    used 11665K, committed 12160K, reserved 1048576K
}
Event: 461.291 GC heap after
{Heap after GC invocations=64 (full 0):
 garbage-first heap   total 196608K, used 141563K [0x00000000c0000000, 0x0000000100000000)
  region size 1024K, 5 young (5120K), 5 survivors (5120K)
 Metaspace       used 84096K, committed 85184K, reserved 1179648K
  class space    used 11665K, committed 12160K, reserved 1048576K
}
Event: 462.319 GC heap before
{Heap before GC invocations=64 (full 0):
 garbage-first heap   total 196608K, used 166139K [0x00000000c0000000, 0x0000000100000000)
  region size 1024K, 29 young (29696K), 5 survivors (5120K)
 Metaspace       used 84325K, committed 85504K, reserved 1179648K
  class space    used 11706K, committed 12224K, reserved 1048576K
}
Event: 462.333 GC heap after
{Heap after GC invocations=65 (full 0):
 garbage-first heap   total 196608K, used 145535K [0x00000000c0000000, 0x0000000100000000)
  region size 1024K, 4 young (4096K), 4 survivors (4096K)
 Metaspace       used 84325K, committed 85504K, reserved 1179648K
  class space    used 11706K, committed 12224K, reserved 1048576K
}
Event: 464.168 GC heap before
{Heap before GC invocations=65 (full 0):
 garbage-first heap   total 196608K, used 166015K [0x00000000c0000000, 0x0000000100000000)
  region size 1024K, 24 young (24576K), 4 survivors (4096K)
 Metaspace       used 84472K, committed 85696K, reserved 1179648K
  class space    used 11723K, committed 12288K, reserved 1048576K
}
Event: 464.185 GC heap after
{Heap after GC invocations=66 (full 0):
 garbage-first heap   total 196608K, used 150614K [0x00000000c0000000, 0x0000000100000000)
  region size 1024K, 3 young (3072K), 3 survivors (3072K)
 Metaspace       used 84472K, committed 85696K, reserved 1179648K
  class space    used 11723K, committed 12288K, reserved 1048576K
}
Event: 464.873 GC heap before
{Heap before GC invocations=66 (full 0):
 garbage-first heap   total 196608K, used 164950K [0x00000000c0000000, 0x0000000100000000)
  region size 1024K, 18 young (18432K), 3 survivors (3072K)
 Metaspace       used 84751K, committed 85952K, reserved 1179648K
  class space    used 11763K, committed 12288K, reserved 1048576K
}
Event: 464.889 GC heap after
{Heap after GC invocations=67 (full 0):
 garbage-first heap   total 196608K, used 155750K [0x00000000c0000000, 0x0000000100000000)
  region size 1024K, 3 young (3072K), 3 survivors (3072K)
 Metaspace       used 84751K, committed 85952K, reserved 1179648K
  class space    used 11763K, committed 12288K, reserved 1048576K
}
Event: 466.035 GC heap before
{Heap before GC invocations=67 (full 0):
 garbage-first heap   total 196608K, used 165990K [0x00000000c0000000, 0x0000000100000000)
  region size 1024K, 14 young (14336K), 3 survivors (3072K)
 Metaspace       used 87214K, committed 88448K, reserved 1179648K
  class space    used 12045K, committed 12608K, reserved 1048576K
}
Event: 466.044 GC heap after
{Heap after GC invocations=68 (full 0):
 garbage-first heap   total 196608K, used 158242K [0x00000000c0000000, 0x0000000100000000)
  region size 1024K, 2 young (2048K), 2 survivors (2048K)
 Metaspace       used 87214K, committed 88448K, reserved 1179648K
  class space    used 12045K, committed 12608K, reserved 1048576K
}
Event: 467.607 GC heap before
{Heap before GC invocations=68 (full 0):
 garbage-first heap   total 196608K, used 168482K [0x00000000c0000000, 0x0000000100000000)
  region size 1024K, 12 young (12288K), 2 survivors (2048K)
 Metaspace       used 90034K, committed 91264K, reserved 1179648K
  class space    used 12426K, committed 12992K, reserved 1048576K
}
Event: 467.617 GC heap after
{Heap after GC invocations=69 (full 0):
 garbage-first heap   total 196608K, used 159692K [0x00000000c0000000, 0x0000000100000000)
  region size 1024K, 2 young (2048K), 2 survivors (2048K)
 Metaspace       used 90034K, committed 91264K, reserved 1179648K
  class space    used 12426K, committed 12992K, reserved 1048576K
}
Event: 468.974 GC heap before
{Heap before GC invocations=69 (full 0):
 garbage-first heap   total 196608K, used 168908K [0x00000000c0000000, 0x0000000100000000)
  region size 1024K, 11 young (11264K), 2 survivors (2048K)
 Metaspace       used 91301K, committed 92544K, reserved 1179648K
  class space    used 12534K, committed 13120K, reserved 1048576K
}
Event: 468.979 GC heap after
{Heap after GC invocations=70 (full 0):
 garbage-first heap   total 196608K, used 160418K [0x00000000c0000000, 0x0000000100000000)
  region size 1024K, 1 young (1024K), 1 survivors (1024K)
 Metaspace       used 91301K, committed 92544K, reserved 1179648K
  class space    used 12534K, committed 13120K, reserved 1048576K
}
Event: 470.417 GC heap before
{Heap before GC invocations=70 (full 0):
 garbage-first heap   total 196608K, used 169634K [0x00000000c0000000, 0x0000000100000000)
  region size 1024K, 11 young (11264K), 1 survivors (1024K)
 Metaspace       used 91538K, committed 92736K, reserved 1179648K
  class space    used 12554K, committed 13120K, reserved 1048576K
}
Event: 470.425 GC heap after
{Heap after GC invocations=71 (full 0):
 garbage-first heap   total 196608K, used 162574K [0x00000000c0000000, 0x0000000100000000)
  region size 1024K, 2 young (2048K), 2 survivors (2048K)
 Metaspace       used 91538K, committed 92736K, reserved 1179648K
  class space    used 12554K, committed 13120K, reserved 1048576K
}
Event: 471.822 GC heap before
{Heap before GC invocations=71 (full 0):
 garbage-first heap   total 196608K, used 170766K [0x00000000c0000000, 0x0000000100000000)
  region size 1024K, 10 young (10240K), 2 survivors (2048K)
 Metaspace       used 91727K, committed 92928K, reserved 1179648K
  class space    used 12566K, committed 13120K, reserved 1048576K
}
Event: 471.830 GC heap after
{Heap after GC invocations=72 (full 0):
 garbage-first heap   total 196608K, used 163663K [0x00000000c0000000, 0x0000000100000000)
  region size 1024K, 1 young (1024K), 1 survivors (1024K)
 Metaspace       used 91727K, committed 92928K, reserved 1179648K
  class space    used 12566K, committed 13120K, reserved 1048576K
}

