# JRE version: OpenJDK Runtime Environment (21.0.9) (build 21.0.9+-14787801-b1163.94)
# Java VM: OpenJDK 64-Bit Server VM (21.0.9+-14787801-b1163.94, mixed mode, tiered, compressed oops, compressed class ptrs, g1 gc, windows-amd64)
GC Precious Log:
 CardTable entry size: 512
 Card Set container configuration: InlinePtr #cards 5 size 8 Array Of Cards #cards 12 size 40 Howl #buckets 4 coarsen threshold 1843 Howl Bitmap #cards 512 size 80 coarsen threshold 460 Card regions per heap region 1 cards per card region 2048
 CPUs: 12 total, 12 available
 Memory: 5989M
 Large Page Support: Disabled
 NUMA Support: Disabled
 Compressed Oops: Enabled (32-bit)
 Heap Region Size: 1M
 Heap Min Capacity: 8M
 Heap Initial Capacity: 94M
 Heap Max Capacity: 1G
 Pre-touch: Disabled
 Parallel Workers: 10
 Concurrent Workers: 3
 Concurrent Refinement Workers: 10
 Periodic GC: Disabled
Heap:
 garbage-first heap   total 280576K, used 205042K [0x00000000c0000000, 0x0000000100000000)
  region size 1024K, 47 young (48128K), 9 survivors (9216K)
 Metaspace       used 104641K, committed 106880K, reserved 1179648K
  class space    used 14712K, committed 15808K, reserved 1048576K
GC Heap History (20 events):
Event: 25.374 GC heap before
{Heap before GC invocations=43 (full 0):
 garbage-first heap   total 173056K, used 159500K [0x00000000c0000000, 0x0000000100000000)
  region size 1024K, 59 young (60416K), 6 survivors (6144K)
 Metaspace       used 96618K, committed 98496K, reserved 1179648K
  class space    used 13602K, committed 14528K, reserved 1048576K
}
Event: 25.385 GC heap after
{Heap after GC invocations=44 (full 0):
 garbage-first heap   total 173056K, used 110377K [0x00000000c0000000, 0x0000000100000000)
  region size 1024K, 8 young (8192K), 8 survivors (8192K)
 Metaspace       used 96618K, committed 98496K, reserved 1179648K
  class space    used 13602K, committed 14528K, reserved 1048576K
}
Event: 26.853 GC heap before
{Heap before GC invocations=45 (full 0):
 garbage-first heap   total 184320K, used 162601K [0x00000000c0000000, 0x0000000100000000)
  region size 1024K, 57 young (58368K), 8 survivors (8192K)
 Metaspace       used 98993K, committed 101056K, reserved 1179648K
  class space    used 13955K, committed 14976K, reserved 1048576K
}
Event: 26.865 GC heap after
{Heap after GC invocations=46 (full 0):
 garbage-first heap   total 184320K, used 119139K [0x00000000c0000000, 0x0000000100000000)
  region size 1024K, 7 young (7168K), 7 survivors (7168K)
 Metaspace       used 98993K, committed 101056K, reserved 1179648K
  class space    used 13955K, committed 14976K, reserved 1048576K
}
Event: 28.210 GC heap before
{Heap before GC invocations=46 (full 0):
 garbage-first heap   total 184320K, used 168291K [0x00000000c0000000, 0x0000000100000000)
  region size 1024K, 56 young (57344K), 7 survivors (7168K)
 Metaspace       used 99644K, committed 101696K, reserved 1179648K
  class space    used 14028K, committed 15040K, reserved 1048576K
}
Event: 28.225 GC heap after
{Heap after GC invocations=47 (full 0):
 garbage-first heap   total 187392K, used 126584K [0x00000000c0000000, 0x0000000100000000)
  region size 1024K, 7 young (7168K), 7 survivors (7168K)
 Metaspace       used 99644K, committed 101696K, reserved 1179648K
  class space    used 14028K, committed 15040K, reserved 1048576K
}
Event: 28.442 GC heap before
{Heap before GC invocations=47 (full 0):
 garbage-first heap   total 187392K, used 136824K [0x00000000c0000000, 0x0000000100000000)
  region size 1024K, 18 young (18432K), 7 survivors (7168K)
 Metaspace       used 99757K, committed 101824K, reserved 1179648K
  class space    used 14042K, committed 15040K, reserved 1048576K
}
Event: 28.450 GC heap after
{Heap after GC invocations=48 (full 0):
 garbage-first heap   total 187392K, used 128960K [0x00000000c0000000, 0x0000000100000000)
  region size 1024K, 2 young (2048K), 2 survivors (2048K)
 Metaspace       used 99757K, committed 101824K, reserved 1179648K
  class space    used 14042K, committed 15040K, reserved 1048576K
}
Event: 29.614 GC heap before
{Heap before GC invocations=49 (full 0):
 garbage-first heap   total 220160K, used 174016K [0x00000000c0000000, 0x0000000100000000)
  region size 1024K, 44 young (45056K), 2 survivors (2048K)
 Metaspace       used 100955K, committed 103104K, reserved 1179648K
  class space    used 14198K, committed 15232K, reserved 1048576K
}
Event: 29.625 GC heap after
{Heap after GC invocations=50 (full 0):
 garbage-first heap   total 220160K, used 139264K [0x00000000c0000000, 0x0000000100000000)
  region size 1024K, 6 young (6144K), 6 survivors (6144K)
 Metaspace       used 100955K, committed 103104K, reserved 1179648K
  class space    used 14198K, committed 15232K, reserved 1048576K
}
Event: 31.155 GC heap before
{Heap before GC invocations=50 (full 0):
 garbage-first heap   total 220160K, used 189440K [0x00000000c0000000, 0x0000000100000000)
  region size 1024K, 56 young (57344K), 6 survivors (6144K)
 Metaspace       used 103124K, committed 105344K, reserved 1179648K
  class space    used 14554K, committed 15616K, reserved 1048576K
}
Event: 31.167 GC heap after
{Heap after GC invocations=51 (full 0):
 garbage-first heap   total 220160K, used 143074K [0x00000000c0000000, 0x0000000100000000)
  region size 1024K, 5 young (5120K), 5 survivors (5120K)
 Metaspace       used 103124K, committed 105344K, reserved 1179648K
  class space    used 14554K, committed 15616K, reserved 1048576K
}
Event: 31.885 GC heap before
{Heap before GC invocations=51 (full 0):
 garbage-first heap   total 220160K, used 194274K [0x00000000c0000000, 0x0000000100000000)
  region size 1024K, 55 young (56320K), 5 survivors (5120K)
 Metaspace       used 103284K, committed 105472K, reserved 1179648K
  class space    used 14555K, committed 15616K, reserved 1048576K
}
Event: 31.893 GC heap after
{Heap after GC invocations=52 (full 0):
 garbage-first heap   total 220160K, used 145984K [0x00000000c0000000, 0x0000000100000000)
  region size 1024K, 4 young (4096K), 4 survivors (4096K)
 Metaspace       used 103284K, committed 105472K, reserved 1179648K
  class space    used 14555K, committed 15616K, reserved 1048576K
}
Event: 36.307 GC heap before
{Heap before GC invocations=53 (full 0):
 garbage-first heap   total 245760K, used 196160K [0x00000000c0000000, 0x0000000100000000)
  region size 1024K, 54 young (55296K), 4 survivors (4096K)
 Metaspace       used 104158K, committed 106368K, reserved 1179648K
  class space    used 14700K, committed 15744K, reserved 1048576K
}
Event: 36.316 GC heap after
{Heap after GC invocations=54 (full 0):
 garbage-first heap   total 245760K, used 150010K [0x00000000c0000000, 0x0000000100000000)
  region size 1024K, 7 young (7168K), 7 survivors (7168K)
 Metaspace       used 104158K, committed 106368K, reserved 1179648K
  class space    used 14700K, committed 15744K, reserved 1048576K
}
Event: 38.195 GC heap before
{Heap before GC invocations=54 (full 0):
 garbage-first heap   total 245760K, used 214522K [0x00000000c0000000, 0x0000000100000000)
  region size 1024K, 71 young (72704K), 7 survivors (7168K)
 Metaspace       used 104448K, committed 106560K, reserved 1179648K
  class space    used 14707K, committed 15744K, reserved 1048576K
}
Event: 38.214 GC heap after
{Heap after GC invocations=55 (full 0):
 garbage-first heap   total 245760K, used 157251K [0x00000000c0000000, 0x0000000100000000)
  region size 1024K, 9 young (9216K), 9 survivors (9216K)
 Metaspace       used 104448K, committed 106560K, reserved 1179648K
  class space    used 14707K, committed 15744K, reserved 1048576K
}
Event: 39.330 GC heap before
{Heap before GC invocations=55 (full 0):
 garbage-first heap   total 245760K, used 217667K [0x00000000c0000000, 0x0000000100000000)
  region size 1024K, 69 young (70656K), 9 survivors (9216K)
 Metaspace       used 104574K, committed 106816K, reserved 1179648K
  class space    used 14712K, committed 15808K, reserved 1048576K
}
Event: 39.349 GC heap after
{Heap after GC invocations=56 (full 0):
 garbage-first heap   total 245760K, used 167154K [0x00000000c0000000, 0x0000000100000000)
  region size 1024K, 9 young (9216K), 9 survivors (9216K)
 Metaspace       used 104574K, committed 106816K, reserved 1179648K
  class space    used 14712K, committed 15808K, reserved 1048576K
}

