# JRE version: OpenJDK Runtime Environment (21.0.9) (build 21.0.9+-14787801-b1163.94)
# Java VM: OpenJDK 64-Bit Server VM (21.0.9+-14787801-b1163.94, mixed mode, tiered, compressed oops, compressed class ptrs, g1 gc, windows-amd64)
GC Precious Log:
 CardTable entry size: 512
 Card Set container configuration: InlinePtr #cards 5 size 8 Array Of Cards #cards 12 size 40 Howl #buckets 4 coarsen threshold 1843 Howl Bitmap #cards 512 size 80 coarsen threshold 460 Card regions per heap region 1 cards per card region 2048
 CPUs: 12 total, 12 available
 Memory: 5989M
 Large Page Support: Disabled
 NUMA Support: Disabled
 Compressed Oops: Enabled (32-bit)
 Heap Region Size: 1M
 Heap Min Capacity: 8M
 Heap Initial Capacity: 94M
 Heap Max Capacity: 1G
 Pre-touch: Disabled
 Parallel Workers: 10
 Concurrent Workers: 3
 Concurrent Refinement Workers: 10
 Periodic GC: Disabled
Heap:
 garbage-first heap   total 128000K, used 107506K [0x00000000c0000000, 0x0000000100000000)
  region size 1024K, 35 young (35840K), 5 survivors (5120K)
 Metaspace       used 78558K, committed 79872K, reserved 1179648K
  class space    used 10783K, committed 11392K, reserved 1048576K
GC Heap History (20 events):
Event: 1354.944 GC heap before
{Heap before GC invocations=18 (full 0):
 garbage-first heap   total 102400K, used 88908K [0x00000000c0000000, 0x0000000100000000)
  region size 1024K, 50 young (51200K), 4 survivors (4096K)
 Metaspace       used 58816K, committed 59648K, reserved 1114112K
  class space    used 8024K, committed 8448K, reserved 1048576K
}
Event: 1354.992 GC heap after
{Heap after GC invocations=19 (full 0):
 garbage-first heap   total 102400K, used 43125K [0x00000000c0000000, 0x0000000100000000)
  region size 1024K, 7 young (7168K), 7 survivors (7168K)
 Metaspace       used 58816K, committed 59648K, reserved 1114112K
  class space    used 8024K, committed 8448K, reserved 1048576K
}
Event: 1357.552 GC heap before
{Heap before GC invocations=19 (full 0):
 garbage-first heap   total 102400K, used 88181K [0x00000000c0000000, 0x0000000100000000)
  region size 1024K, 51 young (52224K), 7 survivors (7168K)
 Metaspace       used 63618K, committed 64704K, reserved 1114112K
  class space    used 8817K, committed 9344K, reserved 1048576K
}
Event: 1357.568 GC heap after
{Heap after GC invocations=20 (full 0):
 garbage-first heap   total 102400K, used 46847K [0x00000000c0000000, 0x0000000100000000)
  region size 1024K, 4 young (4096K), 4 survivors (4096K)
 Metaspace       used 63618K, committed 64704K, reserved 1114112K
  class space    used 8817K, committed 9344K, reserved 1048576K
}
Event: 1359.614 GC heap before
{Heap before GC invocations=20 (full 0):
 garbage-first heap   total 102400K, used 88831K [0x00000000c0000000, 0x0000000100000000)
  region size 1024K, 46 young (47104K), 4 survivors (4096K)
 Metaspace       used 65123K, committed 66176K, reserved 1114112K
  class space    used 8998K, committed 9472K, reserved 1048576K
}
Event: 1359.635 GC heap after
{Heap after GC invocations=21 (full 0):
 garbage-first heap   total 102400K, used 51200K [0x00000000c0000000, 0x0000000100000000)
  region size 1024K, 6 young (6144K), 6 survivors (6144K)
 Metaspace       used 65123K, committed 66176K, reserved 1114112K
  class space    used 8998K, committed 9472K, reserved 1048576K
}
Event: 1360.467 GC heap before
{Heap before GC invocations=22 (full 0):
 garbage-first heap   total 102400K, used 89088K [0x00000000c0000000, 0x0000000100000000)
  region size 1024K, 44 young (45056K), 6 survivors (6144K)
 Metaspace       used 65317K, committed 66368K, reserved 1114112K
  class space    used 9003K, committed 9536K, reserved 1048576K
}
Event: 1360.481 GC heap after
{Heap after GC invocations=23 (full 0):
 garbage-first heap   total 102400K, used 53785K [0x00000000c0000000, 0x0000000100000000)
  region size 1024K, 3 young (3072K), 3 survivors (3072K)
 Metaspace       used 65317K, committed 66368K, reserved 1114112K
  class space    used 9003K, committed 9536K, reserved 1048576K
}
Event: 1360.911 GC heap before
{Heap before GC invocations=23 (full 0):
 garbage-first heap   total 102400K, used 89625K [0x00000000c0000000, 0x0000000100000000)
  region size 1024K, 39 young (39936K), 3 survivors (3072K)
 Metaspace       used 65334K, committed 66368K, reserved 1114112K
  class space    used 9003K, committed 9536K, reserved 1048576K
}
Event: 1360.918 GC heap after
{Heap after GC invocations=24 (full 0):
 garbage-first heap   total 102400K, used 53973K [0x00000000c0000000, 0x0000000100000000)
  region size 1024K, 3 young (3072K), 3 survivors (3072K)
 Metaspace       used 65334K, committed 66368K, reserved 1114112K
  class space    used 9003K, committed 9536K, reserved 1048576K
}
Event: 1361.534 GC heap before
{Heap before GC invocations=24 (full 0):
 garbage-first heap   total 102400K, used 76501K [0x00000000c0000000, 0x0000000100000000)
  region size 1024K, 27 young (27648K), 3 survivors (3072K)
 Metaspace       used 65574K, committed 66624K, reserved 1114112K
  class space    used 9045K, committed 9536K, reserved 1048576K
}
Event: 1361.539 GC heap after
{Heap after GC invocations=25 (full 0):
 garbage-first heap   total 102400K, used 55192K [0x00000000c0000000, 0x0000000100000000)
  region size 1024K, 4 young (4096K), 4 survivors (4096K)
 Metaspace       used 65574K, committed 66624K, reserved 1114112K
  class space    used 9045K, committed 9536K, reserved 1048576K
}
Event: 1363.403 GC heap before
{Heap before GC invocations=26 (full 0):
 garbage-first heap   total 102400K, used 101272K [0x00000000c0000000, 0x0000000100000000)
  region size 1024K, 39 young (39936K), 4 survivors (4096K)
 Metaspace       used 67728K, committed 68800K, reserved 1114112K
  class space    used 9324K, committed 9792K, reserved 1048576K
}
Event: 1363.416 GC heap after
{Heap after GC invocations=27 (full 0):
 garbage-first heap   total 114688K, used 73728K [0x00000000c0000000, 0x0000000100000000)
  region size 1024K, 6 young (6144K), 6 survivors (6144K)
 Metaspace       used 67728K, committed 68800K, reserved 1114112K
  class space    used 9324K, committed 9792K, reserved 1048576K
}
Event: 1364.674 GC heap before
{Heap before GC invocations=27 (full 0):
 garbage-first heap   total 114688K, used 103424K [0x00000000c0000000, 0x0000000100000000)
  region size 1024K, 36 young (36864K), 6 survivors (6144K)
 Metaspace       used 71077K, committed 72192K, reserved 1114112K
  class space    used 9704K, committed 10240K, reserved 1048576K
}
Event: 1364.683 GC heap after
{Heap after GC invocations=28 (full 0):
 garbage-first heap   total 114688K, used 73873K [0x00000000c0000000, 0x0000000100000000)
  region size 1024K, 2 young (2048K), 2 survivors (2048K)
 Metaspace       used 71077K, committed 72192K, reserved 1114112K
  class space    used 9704K, committed 10240K, reserved 1048576K
}
Event: 1365.885 GC heap before
{Heap before GC invocations=28 (full 0):
 garbage-first heap   total 114688K, used 104593K [0x00000000c0000000, 0x0000000100000000)
  region size 1024K, 32 young (32768K), 2 survivors (2048K)
 Metaspace       used 74990K, committed 76160K, reserved 1114112K
  class space    used 10301K, committed 10816K, reserved 1048576K
}
Event: 1365.891 GC heap after
{Heap after GC invocations=29 (full 0):
 garbage-first heap   total 114688K, used 75614K [0x00000000c0000000, 0x0000000100000000)
  region size 1024K, 4 young (4096K), 4 survivors (4096K)
 Metaspace       used 74990K, committed 76160K, reserved 1114112K
  class space    used 10301K, committed 10816K, reserved 1048576K
}
Event: 1366.844 GC heap before
{Heap before GC invocations=30 (full 0):
 garbage-first heap   total 128000K, used 110430K [0x00000000c0000000, 0x0000000100000000)
  region size 1024K, 33 young (33792K), 4 survivors (4096K)
 Metaspace       used 76253K, committed 77504K, reserved 1179648K
  class space    used 10468K, committed 11072K, reserved 1048576K
}
Event: 1366.852 GC heap after
{Heap after GC invocations=31 (full 0):
 garbage-first heap   total 128000K, used 78834K [0x00000000c0000000, 0x0000000100000000)
  region size 1024K, 5 young (5120K), 5 survivors (5120K)
 Metaspace       used 76253K, committed 77504K, reserved 1179648K
  class space    used 10468K, committed 11072K, reserved 1048576K
}

