# JRE version: OpenJDK Runtime Environment (21.0.9) (build 21.0.9+-14787801-b1163.94)
# Java VM: OpenJDK 64-Bit Server VM (21.0.9+-14787801-b1163.94, mixed mode, tiered, compressed oops, compressed class ptrs, g1 gc, windows-amd64)
GC Precious Log:
 CardTable entry size: 512
 Card Set container configuration: InlinePtr #cards 5 size 8 Array Of Cards #cards 12 size 40 Howl #buckets 4 coarsen threshold 1843 Howl Bitmap #cards 512 size 80 coarsen threshold 460 Card regions per heap region 1 cards per card region 2048
 CPUs: 12 total, 12 available
 Memory: 5989M
 Large Page Support: Disabled
 NUMA Support: Disabled
 Compressed Oops: Enabled (32-bit)
 Heap Region Size: 1M
 Heap Min Capacity: 8M
 Heap Initial Capacity: 94M
 Heap Max Capacity: 1G
 Pre-touch: Disabled
 Parallel Workers: 10
 Concurrent Workers: 3
 Concurrent Refinement Workers: 10
 Periodic GC: Disabled
Heap:
 garbage-first heap   total 159744K, used 133285K [0x00000000c0000000, 0x0000000100000000)
  region size 1024K, 40 young (40960K), 7 survivors (7168K)
 Metaspace       used 86198K, committed 87872K, reserved 1179648K
  class space    used 11863K, committed 12672K, reserved 1048576K
GC Heap History (20 events):
Event: 22.803 GC heap before
{Heap before GC invocations=24 (full 0):
 garbage-first heap   total 89088K, used 86833K [0x00000000c0000000, 0x0000000100000000)
  region size 1024K, 28 young (28672K), 4 survivors (4096K)
 Metaspace       used 63138K, committed 64640K, reserved 1114112K
  class space    used 8713K, committed 9472K, reserved 1048576K
}
Event: 22.814 GC heap after
{Heap after GC invocations=25 (full 0):
 garbage-first heap   total 100352K, used 70027K [0x00000000c0000000, 0x0000000100000000)
  region size 1024K, 4 young (4096K), 4 survivors (4096K)
 Metaspace       used 63138K, committed 64640K, reserved 1114112K
  class space    used 8713K, committed 9472K, reserved 1048576K
}
Event: 23.473 GC heap before
{Heap before GC invocations=25 (full 0):
 garbage-first heap   total 100352K, used 89483K [0x00000000c0000000, 0x0000000100000000)
  region size 1024K, 23 young (23552K), 4 survivors (4096K)
 Metaspace       used 64903K, committed 66432K, reserved 1114112K
  class space    used 8958K, committed 9728K, reserved 1048576K
}
Event: 23.478 GC heap after
{Heap after GC invocations=26 (full 0):
 garbage-first heap   total 100352K, used 70509K [0x00000000c0000000, 0x0000000100000000)
  region size 1024K, 1 young (1024K), 1 survivors (1024K)
 Metaspace       used 64903K, committed 66432K, reserved 1114112K
  class space    used 8958K, committed 9728K, reserved 1048576K
}
Event: 24.004 GC heap before
{Heap before GC invocations=26 (full 0):
 garbage-first heap   total 100352K, used 89965K [0x00000000c0000000, 0x0000000100000000)
  region size 1024K, 21 young (21504K), 1 survivors (1024K)
 Metaspace       used 67378K, committed 68864K, reserved 1114112K
  class space    used 9224K, committed 9920K, reserved 1048576K
}
Event: 24.007 GC heap after
{Heap after GC invocations=27 (full 0):
 garbage-first heap   total 100352K, used 70805K [0x00000000c0000000, 0x0000000100000000)
  region size 1024K, 2 young (2048K), 2 survivors (2048K)
 Metaspace       used 67378K, committed 68864K, reserved 1114112K
  class space    used 9224K, committed 9920K, reserved 1048576K
}
Event: 24.689 GC heap before
{Heap before GC invocations=28 (full 0):
 garbage-first heap   total 119808K, used 91285K [0x00000000c0000000, 0x0000000100000000)
  region size 1024K, 23 young (23552K), 2 survivors (2048K)
 Metaspace       used 69562K, committed 71168K, reserved 1114112K
  class space    used 9577K, committed 10368K, reserved 1048576K
}
Event: 24.693 GC heap after
{Heap after GC invocations=29 (full 0):
 garbage-first heap   total 119808K, used 71676K [0x00000000c0000000, 0x0000000100000000)
  region size 1024K, 2 young (2048K), 2 survivors (2048K)
 Metaspace       used 69562K, committed 71168K, reserved 1114112K
  class space    used 9577K, committed 10368K, reserved 1048576K
}
Event: 25.249 GC heap before
{Heap before GC invocations=29 (full 0):
 garbage-first heap   total 119808K, used 114684K [0x00000000c0000000, 0x0000000100000000)
  region size 1024K, 39 young (39936K), 2 survivors (2048K)
 Metaspace       used 72544K, committed 74176K, reserved 1114112K
  class space    used 9976K, committed 10752K, reserved 1048576K
}
Event: 25.257 GC heap after
{Heap after GC invocations=30 (full 0):
 garbage-first heap   total 122880K, used 75311K [0x00000000c0000000, 0x0000000100000000)
  region size 1024K, 5 young (5120K), 5 survivors (5120K)
 Metaspace       used 72544K, committed 74176K, reserved 1114112K
  class space    used 9976K, committed 10752K, reserved 1048576K
}
Event: 25.858 GC heap before
{Heap before GC invocations=30 (full 0):
 garbage-first heap   total 122880K, used 111151K [0x00000000c0000000, 0x0000000100000000)
  region size 1024K, 40 young (40960K), 5 survivors (5120K)
 Metaspace       used 75332K, committed 76992K, reserved 1179648K
  class space    used 10337K, committed 11136K, reserved 1048576K
}
Event: 25.866 GC heap after
{Heap after GC invocations=31 (full 0):
 garbage-first heap   total 122880K, used 77718K [0x00000000c0000000, 0x0000000100000000)
  region size 1024K, 3 young (3072K), 3 survivors (3072K)
 Metaspace       used 75332K, committed 76992K, reserved 1179648K
  class space    used 10337K, committed 11136K, reserved 1048576K
}
Event: 26.746 GC heap before
{Heap before GC invocations=32 (full 0):
 garbage-first heap   total 132096K, used 118678K [0x00000000c0000000, 0x0000000100000000)
  region size 1024K, 37 young (37888K), 3 survivors (3072K)
 Metaspace       used 79150K, committed 80832K, reserved 1179648K
  class space    used 10897K, committed 11712K, reserved 1048576K
}
Event: 26.750 GC heap after
{Heap after GC invocations=33 (full 0):
 garbage-first heap   total 158720K, used 86091K [0x00000000c0000000, 0x0000000100000000)
  region size 1024K, 5 young (5120K), 5 survivors (5120K)
 Metaspace       used 79150K, committed 80832K, reserved 1179648K
  class space    used 10897K, committed 11712K, reserved 1048576K
}
Event: 27.835 GC heap before
{Heap before GC invocations=33 (full 0):
 garbage-first heap   total 158720K, used 144459K [0x00000000c0000000, 0x0000000100000000)
  region size 1024K, 62 young (63488K), 5 survivors (5120K)
 Metaspace       used 84824K, committed 86528K, reserved 1179648K
  class space    used 11675K, committed 12480K, reserved 1048576K
}
Event: 27.844 GC heap after
{Heap after GC invocations=34 (full 0):
 garbage-first heap   total 158720K, used 88505K [0x00000000c0000000, 0x0000000100000000)
  region size 1024K, 7 young (7168K), 7 survivors (7168K)
 Metaspace       used 84824K, committed 86528K, reserved 1179648K
  class space    used 11675K, committed 12480K, reserved 1048576K
}
Event: 28.868 GC heap before
{Heap before GC invocations=34 (full 0):
 garbage-first heap   total 158720K, used 146873K [0x00000000c0000000, 0x0000000100000000)
  region size 1024K, 64 young (65536K), 7 survivors (7168K)
 Metaspace       used 85583K, committed 87296K, reserved 1179648K
  class space    used 11756K, committed 12608K, reserved 1048576K
}
Event: 28.879 GC heap after
{Heap after GC invocations=35 (full 0):
 garbage-first heap   total 158720K, used 91965K [0x00000000c0000000, 0x0000000100000000)
  region size 1024K, 6 young (6144K), 6 survivors (6144K)
 Metaspace       used 85583K, committed 87296K, reserved 1179648K
  class space    used 11756K, committed 12608K, reserved 1048576K
}
Event: 29.545 GC heap before
{Heap before GC invocations=36 (full 0):
 garbage-first heap   total 158720K, used 148285K [0x00000000c0000000, 0x0000000100000000)
  region size 1024K, 60 young (61440K), 6 survivors (6144K)
 Metaspace       used 85719K, committed 87424K, reserved 1179648K
  class space    used 11787K, committed 12608K, reserved 1048576K
}
Event: 29.554 GC heap after
{Heap after GC invocations=37 (full 0):
 garbage-first heap   total 159744K, used 97445K [0x00000000c0000000, 0x0000000100000000)
  region size 1024K, 7 young (7168K), 7 survivors (7168K)
 Metaspace       used 85719K, committed 87424K, reserved 1179648K
  class space    used 11787K, committed 12608K, reserved 1048576K
}

