# JRE version: OpenJDK Runtime Environment Microsoft-13106358 (17.0.18+8) (build 17.0.18+8-LTS)
# Java VM: OpenJDK 64-Bit Server VM Microsoft-13106358 (17.0.18+8-LTS, mixed mode, sharing, tiered, compressed oops, compressed class ptrs, g1 gc, windows-amd64)
GC Precious Log:
 CPUs: 12 total, 12 available
 Memory: 5989M
 Large Page Support: Disabled
 NUMA Support: Disabled
 Compressed Oops: Enabled (Zero based)
 Heap Region Size: 2M
 Heap Min Capacity: 8M
 Heap Initial Capacity: 94M
 Heap Max Capacity: 4G
 Pre-touch: Disabled
 Parallel Workers: 10
 Concurrent Workers: 3
 Concurrent Refinement Workers: 10
 Periodic GC: Disabled
Heap:
 garbage-first heap   total 159744K, used 91125K [0x0000000700000000, 0x0000000800000000)
  region size 2048K, 17 young (34816K), 1 survivors (2048K)
 Metaspace       used 64582K, committed 65280K, reserved 917504K
  class space    used 9250K, committed 9600K, reserved 851968K
GC Heap History (20 events):
Event: 12.021 GC heap before
{Heap before GC invocations=15 (full 0):
 garbage-first heap   total 90112K, used 67339K [0x0000000700000000, 0x0000000800000000)
  region size 2048K, 19 young (38912K), 2 survivors (4096K)
 Metaspace       used 44720K, committed 45312K, reserved 917504K
  class space    used 6305K, committed 6592K, reserved 851968K
}
Event: 12.028 GC heap after
{Heap after GC invocations=16 (full 0):
 garbage-first heap   total 90112K, used 37241K [0x0000000700000000, 0x0000000800000000)
  region size 2048K, 3 young (6144K), 3 survivors (6144K)
 Metaspace       used 44720K, committed 45312K, reserved 917504K
  class space    used 6305K, committed 6592K, reserved 851968K
}
Event: 12.898 GC heap before
{Heap before GC invocations=16 (full 0):
 garbage-first heap   total 90112K, used 70009K [0x0000000700000000, 0x0000000800000000)
  region size 2048K, 19 young (38912K), 3 survivors (6144K)
 Metaspace       used 47814K, committed 48384K, reserved 917504K
  class space    used 6845K, committed 7104K, reserved 851968K
}
Event: 12.905 GC heap after
{Heap after GC invocations=17 (full 0):
 garbage-first heap   total 90112K, used 38658K [0x0000000700000000, 0x0000000800000000)
  region size 2048K, 3 young (6144K), 3 survivors (6144K)
 Metaspace       used 47814K, committed 48384K, reserved 917504K
  class space    used 6845K, committed 7104K, reserved 851968K
}
Event: 13.537 GC heap before
{Heap before GC invocations=17 (full 0):
 garbage-first heap   total 90112K, used 69378K [0x0000000700000000, 0x0000000800000000)
  region size 2048K, 17 young (34816K), 3 survivors (6144K)
 Metaspace       used 51050K, committed 51584K, reserved 917504K
  class space    used 7291K, committed 7552K, reserved 851968K
}
Event: 13.542 GC heap after
{Heap after GC invocations=18 (full 0):
 garbage-first heap   total 90112K, used 44796K [0x0000000700000000, 0x0000000800000000)
  region size 2048K, 2 young (4096K), 2 survivors (4096K)
 Metaspace       used 51050K, committed 51584K, reserved 917504K
  class space    used 7291K, committed 7552K, reserved 851968K
}
Event: 13.982 GC heap before
{Heap before GC invocations=19 (full 0):
 garbage-first heap   total 96256K, used 77564K [0x0000000700000000, 0x0000000800000000)
  region size 2048K, 15 young (30720K), 2 survivors (4096K)
 Metaspace       used 53189K, committed 53760K, reserved 917504K
  class space    used 7601K, committed 7872K, reserved 851968K
}
Event: 13.987 GC heap after
{Heap after GC invocations=20 (full 0):
 garbage-first heap   total 96256K, used 54543K [0x0000000700000000, 0x0000000800000000)
  region size 2048K, 2 young (4096K), 2 survivors (4096K)
 Metaspace       used 53189K, committed 53760K, reserved 917504K
  class space    used 7601K, committed 7872K, reserved 851968K
}
Event: 14.267 GC heap before
{Heap before GC invocations=20 (full 0):
 garbage-first heap   total 96256K, used 79119K [0x0000000700000000, 0x0000000800000000)
  region size 2048K, 14 young (28672K), 2 survivors (4096K)
 Metaspace       used 55660K, committed 56192K, reserved 917504K
  class space    used 7915K, committed 8192K, reserved 851968K
}
Event: 14.272 GC heap after
{Heap after GC invocations=21 (full 0):
 garbage-first heap   total 96256K, used 56207K [0x0000000700000000, 0x0000000800000000)
  region size 2048K, 2 young (4096K), 2 survivors (4096K)
 Metaspace       used 55660K, committed 56192K, reserved 917504K
  class space    used 7915K, committed 8192K, reserved 851968K
}
Event: 14.635 GC heap before
{Heap before GC invocations=22 (full 0):
 garbage-first heap   total 100352K, used 78735K [0x0000000700000000, 0x0000000800000000)
  region size 2048K, 13 young (26624K), 2 survivors (4096K)
 Metaspace       used 57247K, committed 57856K, reserved 917504K
  class space    used 8116K, committed 8384K, reserved 851968K
}
Event: 14.639 GC heap after
{Heap after GC invocations=23 (full 0):
 garbage-first heap   total 100352K, used 57103K [0x0000000700000000, 0x0000000800000000)
  region size 2048K, 2 young (4096K), 2 survivors (4096K)
 Metaspace       used 57247K, committed 57856K, reserved 917504K
  class space    used 8116K, committed 8384K, reserved 851968K
}
Event: 15.487 GC heap before
{Heap before GC invocations=23 (full 0):
 garbage-first heap   total 100352K, used 81679K [0x0000000700000000, 0x0000000800000000)
  region size 2048K, 14 young (28672K), 2 survivors (4096K)
 Metaspace       used 58798K, committed 59328K, reserved 917504K
  class space    used 8322K, committed 8576K, reserved 851968K
}
Event: 15.493 GC heap after
{Heap after GC invocations=24 (full 0):
 garbage-first heap   total 100352K, used 57859K [0x0000000700000000, 0x0000000800000000)
  region size 2048K, 1 young (2048K), 1 survivors (2048K)
 Metaspace       used 58798K, committed 59328K, reserved 917504K
  class space    used 8322K, committed 8576K, reserved 851968K
}
Event: 16.700 GC heap before
{Heap before GC invocations=25 (full 0):
 garbage-first heap   total 102400K, used 80387K [0x0000000700000000, 0x0000000800000000)
  region size 2048K, 13 young (26624K), 1 survivors (2048K)
 Metaspace       used 60215K, committed 60800K, reserved 917504K
  class space    used 8521K, committed 8768K, reserved 851968K
}
Event: 16.706 GC heap after
{Heap after GC invocations=26 (full 0):
 garbage-first heap   total 102400K, used 59492K [0x0000000700000000, 0x0000000800000000)
  region size 2048K, 2 young (4096K), 2 survivors (4096K)
 Metaspace       used 60215K, committed 60800K, reserved 917504K
  class space    used 8521K, committed 8768K, reserved 851968K
}
Event: 16.731 GC heap before
{Heap before GC invocations=26 (full 0):
 garbage-first heap   total 102400K, used 61540K [0x0000000700000000, 0x0000000800000000)
  region size 2048K, 3 young (6144K), 2 survivors (4096K)
 Metaspace       used 60351K, committed 60928K, reserved 917504K
  class space    used 8532K, committed 8768K, reserved 851968K
}
Event: 16.736 GC heap after
{Heap after GC invocations=27 (full 0):
 garbage-first heap   total 102400K, used 59278K [0x0000000700000000, 0x0000000800000000)
  region size 2048K, 1 young (2048K), 1 survivors (2048K)
 Metaspace       used 60351K, committed 60928K, reserved 917504K
  class space    used 8532K, committed 8768K, reserved 851968K
}
Event: 17.321 GC heap before
{Heap before GC invocations=27 (full 0):
 garbage-first heap   total 102400K, used 83854K [0x0000000700000000, 0x0000000800000000)
  region size 2048K, 13 young (26624K), 1 survivors (2048K)
 Metaspace       used 62308K, committed 62912K, reserved 917504K
  class space    used 8836K, committed 9152K, reserved 851968K
}
Event: 17.326 GC heap after
{Heap after GC invocations=28 (full 0):
 garbage-first heap   total 159744K, used 60405K [0x0000000700000000, 0x0000000800000000)
  region size 2048K, 1 young (2048K), 1 survivors (2048K)
 Metaspace       used 62308K, committed 62912K, reserved 917504K
  class space    used 8836K, committed 9152K, reserved 851968K
}

